mode: set
github.com/B1scuit/example-pattern-service/pkg/email/client.go:26.48,29.24 1 1
github.com/B1scuit/example-pattern-service/pkg/email/client.go:33.2,36.8 1 1
github.com/B1scuit/example-pattern-service/pkg/email/client.go:29.24,31.3 1 1
github.com/B1scuit/example-pattern-service/pkg/email/client.go:40.46,41.16 1 1
github.com/B1scuit/example-pattern-service/pkg/email/client.go:45.2,45.15 1 1
github.com/B1scuit/example-pattern-service/pkg/email/client.go:41.16,42.13 1 1
github.com/B1scuit/example-pattern-service/pkg/email/client.go:48.76,54.2 2 1
github.com/B1scuit/example-pattern-service/internal/core/task1.struct.go:13.42,15.2 1 1
github.com/B1scuit/example-pattern-service/internal/core/client.go:36.48,39.28 1 1
github.com/B1scuit/example-pattern-service/internal/core/client.go:43.2,48.8 1 1
github.com/B1scuit/example-pattern-service/internal/core/client.go:39.28,41.3 1 1
github.com/B1scuit/example-pattern-service/internal/core/client.go:52.46,53.16 1 1
github.com/B1scuit/example-pattern-service/internal/core/client.go:57.2,57.15 1 1
github.com/B1scuit/example-pattern-service/internal/core/client.go:53.16,54.13 1 1
github.com/B1scuit/example-pattern-service/internal/core/client.go:66.67,68.70 1 1
github.com/B1scuit/example-pattern-service/internal/core/client.go:72.2,72.22 1 1
github.com/B1scuit/example-pattern-service/internal/core/client.go:78.2,78.12 1 1
github.com/B1scuit/example-pattern-service/internal/core/client.go:68.70,70.3 1 1
github.com/B1scuit/example-pattern-service/internal/core/client.go:72.22,73.61 1 1
github.com/B1scuit/example-pattern-service/internal/core/client.go:73.61,75.4 1 1
github.com/B1scuit/example-pattern-service/pkg/sms/client.go:26.48,29.24 1 1
github.com/B1scuit/example-pattern-service/pkg/sms/client.go:33.2,37.8 1 1
github.com/B1scuit/example-pattern-service/pkg/sms/client.go:29.24,31.3 1 1
github.com/B1scuit/example-pattern-service/pkg/sms/client.go:41.46,42.16 1 1
github.com/B1scuit/example-pattern-service/pkg/sms/client.go:46.2,46.15 1 1
github.com/B1scuit/example-pattern-service/pkg/sms/client.go:42.16,43.13 1 1
github.com/B1scuit/example-pattern-service/pkg/sms/client.go:49.67,55.2 2 1
github.com/B1scuit/example-pattern-service/pkg/http/client.go:41.48,44.24 1 1
github.com/B1scuit/example-pattern-service/pkg/http/client.go:48.2,48.28 1 1
github.com/B1scuit/example-pattern-service/pkg/http/client.go:56.2,56.22 1 1
github.com/B1scuit/example-pattern-service/pkg/http/client.go:60.2,65.8 1 1
github.com/B1scuit/example-pattern-service/pkg/http/client.go:44.24,46.3 1 1
github.com/B1scuit/example-pattern-service/pkg/http/client.go:48.28,54.3 1 1
github.com/B1scuit/example-pattern-service/pkg/http/client.go:56.22,58.3 1 1
github.com/B1scuit/example-pattern-service/pkg/http/client.go:68.46,69.16 1 1
github.com/B1scuit/example-pattern-service/pkg/http/client.go:73.2,73.15 1 1
github.com/B1scuit/example-pattern-service/pkg/http/client.go:69.16,70.13 1 1
github.com/B1scuit/example-pattern-service/pkg/http/client.go:76.36,83.12 4 1
github.com/B1scuit/example-pattern-service/pkg/http/client.go:89.2,102.35 6 1
github.com/B1scuit/example-pattern-service/pkg/http/client.go:83.12,84.55 1 1
github.com/B1scuit/example-pattern-service/pkg/http/client.go:84.55,86.4 1 1
github.com/B1scuit/example-pattern-service/pkg/http/client.go:105.50,107.2 1 1
github.com/B1scuit/example-pattern-service/pkg/http/client.go:109.71,113.63 2 1
github.com/B1scuit/example-pattern-service/pkg/http/client.go:120.2,120.58 1 1
github.com/B1scuit/example-pattern-service/pkg/http/client.go:127.2,128.25 2 1
github.com/B1scuit/example-pattern-service/pkg/http/client.go:113.63,117.3 3 1
github.com/B1scuit/example-pattern-service/pkg/http/client.go:120.58,124.3 3 1
